<?xml version="1.0" encoding="UTF-8"?>
<testsuite xmlns:xsi="http://www.w3.org/2001/XMLSchema-instance" xsi:noNamespaceSchemaLocation="https://maven.apache.org/surefire/maven-surefire-plugin/xsd/surefire-test-report-3.0.xsd" version="3.0" name="com.indus.training.persist.dao.TestStudentDaoImpl" time="1.481" tests="4" errors="0" skipped="0" failures="0">
  <properties>
[...]
</properties>
  <testcase name="testUpdateStudentLastName" classname="com.indus.training.persist.dao.TestStudentDaoImpl" time="1.355">
    <system-out><![CDATA[false
]]></system-out>
  </testcase>
  <testcase name="testUpdateStudentFirstName" classname="com.indus.training.persist.dao.TestStudentDaoImpl" time="0.022">
    <system-out><![CDATA[false
]]></system-out>
  </testcase>
  <testcase name="testInsertStudent" classname="com.indus.training.persist.dao.TestStudentDaoImpl" time="0.034">
    <system-out><![CDATA[true
]]></system-out>
  </testcase>
  <testcase name="testFetchStudent" classname="com.indus.training.persist.dao.TestStudentDaoImpl" time="0.036">
    <system-out><![CDATA[Student [studentId=1026, firstName=Navya, lastName=Bade]
]]></system-out>
  </testcase>
</testsuite>